Build target 'LoraNode-433-lora'
compiling main.c...
..\source\apps\main.c(106): warning:  #167-D: argument of type "uint8_t *" is incompatible with parameter of type "char *"
      OLED_ShowCHineseArray(x,y,arr[0]);
..\source\apps\main.c(107): warning:  #167-D: argument of type "uint8_t *" is incompatible with parameter of type "char *"
      OLED_ShowCHineseArray(x+16,y,arr[1]);
..\source\apps\main.c(108): warning:  #167-D: argument of type "uint8_t *" is incompatible with parameter of type "char *"
      OLED_ShowCHineseArray(x+32,y,arr[2]);
..\source\apps\main.c(109): warning:  #167-D: argument of type "uint8_t *" is incompatible with parameter of type "char *"
      OLED_ShowCHineseArray(x+48,y,arr[3]);
..\source\apps\main.c(134): warning:  #167-D: argument of type "uint8_t *" is incompatible with parameter of type "char *"
              OLED_ShowCHineseArray(127-16-i,j,arr[0]);
..\source\apps\main.c(136): warning:  #167-D: argument of type "uint8_t *" is incompatible with parameter of type "char *"
                  OLED_ShowCHineseArray(127-16-i+16,j,arr[1]);
..\source\apps\main.c(139): warning:  #167-D: argument of type "uint8_t *" is incompatible with parameter of type "char *"
                  OLED_ShowCHineseArray(127-16-i+32,j,arr[2]);
..\source\apps\main.c(142): warning:  #167-D: argument of type "uint8_t *" is incompatible with parameter of type "char *"
                  OLED_ShowCHineseArray(127-16-i+48,j,arr[3]);
..\source\apps\main.c(206): warning:  #1-D: last line of file ends without a newline
  }
..\source\apps\main.c(118): warning:  #177-D: variable "F" was declared but never referenced
      uint8_t i = 0,F;
..\source\apps\main.c(119): warning:  #177-D: variable "t" was declared but never referenced
      uint32_t t = 0;
..\source\apps\main.c: 11 warnings, 0 errors
linking...
Program Size: Code=13612 RO-data=328 RW-data=208 ZI-data=2216  
FromELF: creating hex file...
".\Objects\LoraNode.axf" - 0 Error(s), 11 Warning(s).
